   517
   189
   -13
  -205
   961
 -3008
  -207
 -1530
 -1453
  1827
 -1851
  1469
  1581
   306
  2981
  -964
  2100
   373
   630
 -1191
 -2856
  2596
 -1728
    20
   503
   644
   527
  -946
  1597
   752
 -2159
  -834
  3390
  3320
  3238
  1220
  -284
  -336
   570
  -614
   636
  -546
   306
   304
 -1181
 -3236
 -3265
 -3366
   807
  2197
  -707
 -1625
   988
  -488
  -608
  -504
  -127
  1765
 -2487
  2901
  1150
  -665
  -380
 -2001
  -767
   231
  2105
   367
  1081
   960
  1315
 -1760
  2332
 -3302
 -1742
  1040
  -269
   936
 -1167
 -2324
 -1098
   101
  2098
  1695
   -87
 -1995
   475
 -3077
 -3323
   727
 -3215
   635
 -1694
 -1309
 -1526
   613
 -1196
 -3672
  -814
 -2770
  2969
 -4574
 -2331
   588
  1304
 -3021
   464
  -843
   -68
  1055
 -3046
 -2449
 -2075
  -517
   159
 -1751
 -3809
 -1212
  1723
  2910
 -2936
  -704
  2294
  1510
  1582
  1425
  -154
 -1213
  3184
  1098
 -1896
  -302
 -1473
  -673
  -463
 -1259
  1010
 -3221
  1784
 -1589
  3385
   899
 -2065
  2625
 -2664
  1246
   634
 -2236
   -36
  -493
 -1650
 -1409
   468
  1112
  2724
  -420
  1095
  1317
 -1303
 -1601
  1554
  1414
 -1286
 -1066
   326
 -2726
 -1110
  -350
  1365
  1700
   401
   138
  2242
  -715
 -1196
  2629
 -2488
  2144
  -936
 -3476
  1598
 -1781
  3258
 -1031
  1287
   558
   607
  1652
   247
  1924
 -1081
 -3078
  1354
    68
 -1448
 -1558
 -1454
 -2178
   744
  3012
 -2949
 -1710
  1347
  3840
  1725
  -210
   489
  2116
  2588
  3118
 -1018
   168
   896
  -350
  3126
 -1320
  -571
  2369
  4535
 -2965
  2740
   814
  3736
  1222
  -577
  1523
  1331
  1647
  -510
  3277
  -732
  3341
  3143
  -447
  1943
   137
 -1634
 -2203
  -112
  1133
  2443
